nohup: ignorando entrada

  .   ____          _            __ _ _
 /\\ / ___'_ __ _ _(_)_ __  __ _ \ \ \ \
( ( )\___ | '_ | '_| | '_ \/ _` | \ \ \ \
 \\/  ___)| |_)| | | | | || (_| |  ) ) ) )
  '  |____| .__|_| |_|_| |_\__, | / / / /
 =========|_|==============|___/=/_/_/_/
 :: Spring Boot ::                (v3.1.5)

2023-11-20T10:23:37.312-03:00  INFO 810876 --- [           main] b.c.c.t.todolist.TodoListApplication     : Starting TodoListApplication v1.0.0 using Java 17.0.8.1 with PID 810876 (/home/juancassiano/Documents/projetos/desafio-simplify/desafio-junior-backend-simplify/target/todo-list-1.0.0.jar started by juancassiano in /home/juancassiano/Documents/projetos/desafio-simplify/desafio-junior-backend-simplify)
2023-11-20T10:23:37.315-03:00  INFO 810876 --- [           main] b.c.c.t.todolist.TodoListApplication     : No active profile set, falling back to 1 default profile: "default"
2023-11-20T10:23:38.593-03:00  INFO 810876 --- [           main] .s.d.r.c.RepositoryConfigurationDelegate : Bootstrapping Spring Data JPA repositories in DEFAULT mode.
2023-11-20T10:23:38.703-03:00  INFO 810876 --- [           main] .s.d.r.c.RepositoryConfigurationDelegate : Finished Spring Data repository scanning in 97 ms. Found 1 JPA repository interfaces.
2023-11-20T10:23:39.887-03:00  INFO 810876 --- [           main] o.s.b.w.embedded.tomcat.TomcatWebServer  : Tomcat initialized with port(s): 8080 (http)
2023-11-20T10:23:39.899-03:00  INFO 810876 --- [           main] o.apache.catalina.core.StandardService   : Starting service [Tomcat]
2023-11-20T10:23:39.899-03:00  INFO 810876 --- [           main] o.apache.catalina.core.StandardEngine    : Starting Servlet engine: [Apache Tomcat/10.1.15]
2023-11-20T10:23:40.010-03:00  INFO 810876 --- [           main] o.a.c.c.C.[Tomcat].[localhost].[/]       : Initializing Spring embedded WebApplicationContext
2023-11-20T10:23:40.011-03:00  INFO 810876 --- [           main] w.s.c.ServletWebServerApplicationContext : Root WebApplicationContext: initialization completed in 2606 ms
2023-11-20T10:23:40.424-03:00  INFO 810876 --- [           main] o.f.c.internal.license.VersionPrinter    : Flyway Community Edition 9.16.3 by Redgate
2023-11-20T10:23:40.424-03:00  INFO 810876 --- [           main] o.f.c.internal.license.VersionPrinter    : See release notes here: https://rd.gt/416ObMi
2023-11-20T10:23:40.424-03:00  INFO 810876 --- [           main] o.f.c.internal.license.VersionPrinter    : 
2023-11-20T10:23:40.444-03:00  INFO 810876 --- [           main] com.zaxxer.hikari.HikariDataSource       : HikariPool-1 - Starting...
2023-11-20T10:23:42.970-03:00  INFO 810876 --- [           main] com.zaxxer.hikari.pool.HikariPool        : HikariPool-1 - Added connection com.mysql.cj.jdbc.ConnectionImpl@39ab59f8
2023-11-20T10:23:42.975-03:00  INFO 810876 --- [           main] com.zaxxer.hikari.HikariDataSource       : HikariPool-1 - Start completed.
2023-11-20T10:23:43.174-03:00  INFO 810876 --- [           main] o.f.c.i.database.base.BaseDatabaseType   : Database: jdbc:mysql://rds-database-todo-mysql.co0vlvgy9su0.us-east-2.rds.amazonaws.com:3306/todolist (MySQL 8.0)
2023-11-20T10:23:46.072-03:00  INFO 810876 --- [           main] o.f.core.internal.command.DbValidate     : Successfully validated 1 migration (execution time 00:01.116s)
2023-11-20T10:23:48.909-03:00  INFO 810876 --- [           main] o.f.core.internal.command.DbMigrate      : Current version of schema `todolist`: 001
2023-11-20T10:23:49.113-03:00  INFO 810876 --- [           main] o.f.core.internal.command.DbMigrate      : Schema `todolist` is up to date. No migration necessary.
2023-11-20T10:23:50.650-03:00  INFO 810876 --- [           main] o.hibernate.jpa.internal.util.LogHelper  : HHH000204: Processing PersistenceUnitInfo [name: default]
2023-11-20T10:23:50.744-03:00  INFO 810876 --- [           main] org.hibernate.Version                    : HHH000412: Hibernate ORM core version 6.2.13.Final
2023-11-20T10:23:50.747-03:00  INFO 810876 --- [           main] org.hibernate.cfg.Environment            : HHH000406: Using bytecode reflection optimizer
2023-11-20T10:23:51.118-03:00  INFO 810876 --- [           main] o.s.o.j.p.SpringPersistenceUnitInfo      : No LoadTimeWeaver setup: ignoring JPA class transformer
2023-11-20T10:23:51.544-03:00  WARN 810876 --- [           main] org.hibernate.orm.deprecation            : HHH90000025: MySQL57Dialect does not need to be specified explicitly using 'hibernate.dialect' (remove the property setting and it will be selected by default)
2023-11-20T10:23:51.545-03:00  WARN 810876 --- [           main] org.hibernate.orm.deprecation            : HHH90000026: MySQL57Dialect has been deprecated; use org.hibernate.dialect.MySQLDialect instead
2023-11-20T10:23:52.322-03:00  INFO 810876 --- [           main] o.h.e.t.j.p.i.JtaPlatformInitiator       : HHH000489: No JTA platform available (set 'hibernate.transaction.jta.platform' to enable JTA platform integration)
2023-11-20T10:23:52.324-03:00  INFO 810876 --- [           main] j.LocalContainerEntityManagerFactoryBean : Initialized JPA EntityManagerFactory for persistence unit 'default'
2023-11-20T10:23:52.853-03:00  WARN 810876 --- [           main] JpaBaseConfiguration$JpaWebConfiguration : spring.jpa.open-in-view is enabled by default. Therefore, database queries may be performed during view rendering. Explicitly configure spring.jpa.open-in-view to disable this warning
2023-11-20T10:23:53.799-03:00  INFO 810876 --- [           main] o.s.b.w.embedded.tomcat.TomcatWebServer  : Tomcat started on port(s): 8080 (http) with context path ''
2023-11-20T10:23:53.830-03:00  INFO 810876 --- [           main] b.c.c.t.todolist.TodoListApplication     : Started TodoListApplication in 16.978 seconds (process running for 17.618)
